<?xml version="1.0" encoding="UTF-8"?>
<!-- Generated by org.testng.reporters.JUnitReportReporter -->
<testsuite skipped="0" hostname="studentapp" name="com.autodesk.crm.campaigntest.CreateCampaignTest" tests="1" failures="0" timestamp="11 Dec 2019 06:14:42 GMT" time="0.009" errors="0">
  <testcase name="createCampaginTest" time="0.009" classname="com.autodesk.crm.campaigntest.CreateCampaignTest"/>
</testsuite> <!-- com.autodesk.crm.campaigntest.CreateCampaignTest -->
