<?xml version="1.0" encoding="UTF-8"?>
<!-- Generated by org.testng.reporters.JUnitReportReporter -->
<testsuite skipped="0" hostname="studentapp" name="com.autodesk.crm.campaigntest.SampleTest" tests="1" failures="0" timestamp="11 Dec 2019 06:00:50 GMT" time="0.019" errors="0">
  <testcase name="campaignTest" time="0.019" classname="com.autodesk.crm.campaigntest.SampleTest"/>
</testsuite> <!-- com.autodesk.crm.campaigntest.SampleTest -->
